<?xml version="1.0" encoding="UTF-8"?>
<!-- Generated by org.testng.reporters.JUnitReportReporter -->
<testsuite skipped="0" hostname="Rizvi1994" name="test.AddCustomerTest" tests="1" failures="0" timestamp="2021-08-18T00:34:04 PDT" time="7.468" errors="0">
  <testcase name="userShouldBeAbleToAddCustomer" time="7.468" classname="test.AddCustomerTest"/>
  <system-out/>
</testsuite> <!-- test.AddCustomerTest -->
