<?xml version="1.0" encoding="UTF-8"?>
<!-- Generated by org.testng.reporters.JUnitReportReporter -->
<testsuite skipped="0" hostname="Rizvi1994" name="test.LoginTest" tests="1" failures="0" timestamp="2021-08-17T20:23:13 PDT" time="6.444" errors="0">
  <testcase name="validUserShouldBeAbleToLogIn" time="6.444" classname="test.LoginTest"/>
  <system-out/>
</testsuite> <!-- test.LoginTest -->
