<?xml version="1.0" encoding="UTF-8"?>
<!-- Generated by org.testng.reporters.JUnitReportReporter -->
<testsuite skipped="0" hostname="Rizvi1994" name="page.LoginPage" tests="1" failures="0" timestamp="2021-08-16T15:15:33 PDT" time="2.890" errors="0">
  <testcase name="login" time="2.890" classname="page.LoginPage"/>
  <system-out/>
</testsuite> <!-- page.LoginPage -->
