<?xml version="1.0" encoding="UTF-8"?>
<!-- Generated by org.testng.reporters.JUnitReportReporter -->
<testsuite skipped="0" hostname="Rizvi1994" name="util.BrowserFactory" tests="1" failures="0" timestamp="2021-08-16T15:14:59 PDT" time="2.945" errors="0">
  <testcase name="init" time="2.945" classname="util.BrowserFactory"/>
  <system-out/>
</testsuite> <!-- util.BrowserFactory -->
